[0.012s] Invoking command in '/home/thro/amr_ws/GRDL/build/yhsung_description': /home/thro/.local/bin/cmake /home/thro/amr_ws/GRDL/src/yhsung_description -DCMAKE_INSTALL_PREFIX=/home/thro/amr_ws/GRDL/install/yhsung_description
[0.088s] -- The C compiler identification is GNU 11.3.0
[0.138s] -- The CXX compiler identification is GNU 11.3.0
[0.146s] -- Detecting C compiler ABI info
[0.188s] -- Detecting C compiler ABI info - done
[0.200s] -- Check for working C compiler: /usr/bin/cc - skipped
[0.200s] -- Detecting C compile features
[0.201s] -- Detecting C compile features - done
[0.203s] -- Detecting CXX compiler ABI info
[0.253s] -- Detecting CXX compiler ABI info - done
[0.262s] -- Check for working CXX compiler: /usr/bin/c++ - skipped
[0.262s] -- Detecting CXX compile features
[0.263s] -- Detecting CXX compile features - done
[0.265s] -- Found ament_cmake: 1.3.4 (/opt/ros/humble/share/ament_cmake/cmake)
[0.575s] -- Found Python3: /usr/bin/python3.10 (found version "3.10.6") found components: Interpreter 
[0.626s] [31mCMake Error at /opt/ros/humble/share/ament_cmake_core/cmake/ament_cmake_uninstall_target-extras.cmake:40 (add_custom_target):
[0.627s]   add_custom_target called with invalid target name
[0.627s]   "yhsung_description/_uninstall".  Target names may not contain a slash.
[0.627s]   Use ADD_CUSTOM_COMMAND to generate files.
[0.627s] Call Stack (most recent call first):
[0.627s]   /opt/ros/humble/share/ament_cmake_core/cmake/ament_cmake_coreConfig.cmake:41 (include)
[0.627s]   /opt/ros/humble/share/ament_cmake/cmake/ament_cmake_export_dependencies-extras.cmake:15 (find_package)
[0.627s]   /opt/ros/humble/share/ament_cmake/cmake/ament_cmakeConfig.cmake:41 (include)
[0.627s]   CMakeLists.txt:9 (find_package)
[0.627s] 
[0.627s] [0m
[0.649s] -- Found ament_lint_auto: 0.12.6 (/opt/ros/humble/share/ament_lint_auto/cmake)
[0.689s] Error parsing '/home/thro/amr_ws/GRDL/src/yhsung_description/package.xml':
[0.725s] Traceback (most recent call last):
[0.725s]   File "/opt/ros/humble/share/ament_cmake_core/cmake/core/package_xml_2_cmake.py", line 150, in <module>
[0.725s]     main()
[0.725s]   File "/opt/ros/humble/share/ament_cmake_core/cmake/core/package_xml_2_cmake.py", line 53, in main
[0.725s]     raise e
[0.725s]   File "/opt/ros/humble/share/ament_cmake_core/cmake/core/package_xml_2_cmake.py", line 49, in main
[0.725s]     package = parse_package_string(
[0.725s]   File "/usr/lib/python3/dist-packages/catkin_pkg/package.py", line 788, in parse_package_string
[0.726s]     pkg.validate(warnings=warnings)
[0.726s]   File "/usr/lib/python3/dist-packages/catkin_pkg/package.py", line 330, in validate
[0.726s]     raise InvalidPackage('\n'.join(errors), self.filename)
[0.726s] catkin_pkg.package.InvalidPackage: Error(s) in package '/home/thro/amr_ws/GRDL/src/yhsung_description/package.xml':
[0.726s] Package name "yhsung_description/" does not follow naming conventions
[0.743s] [31mCMake Error at /opt/ros/humble/share/ament_cmake_core/cmake/core/ament_package_xml.cmake:95 (message):
[0.743s]   execute_process(/usr/bin/python3.10
[0.743s]   /opt/ros/humble/share/ament_cmake_core/cmake/core/package_xml_2_cmake.py
[0.743s]   /home/thro/amr_ws/GRDL/src/yhsung_description/package.xml
[0.743s]   /home/thro/amr_ws/GRDL/build/yhsung_description/ament_cmake_core/package.cmake)
[0.743s]   returned error code 1
[0.743s] Call Stack (most recent call first):
[0.743s]   /opt/ros/humble/share/ament_cmake_core/cmake/core/ament_package_xml.cmake:49 (_ament_package_xml)
[0.743s]   /opt/ros/humble/share/ament_lint_auto/cmake/ament_lint_auto_find_test_dependencies.cmake:31 (ament_package_xml)
[0.743s]   CMakeLists.txt:23 (ament_lint_auto_find_test_dependencies)
[0.743s] 
[0.743s] [0m
[0.743s] -- Configuring incomplete, errors occurred!
[0.755s] Invoked command in '/home/thro/amr_ws/GRDL/build/yhsung_description' returned '1': /home/thro/.local/bin/cmake /home/thro/amr_ws/GRDL/src/yhsung_description -DCMAKE_INSTALL_PREFIX=/home/thro/amr_ws/GRDL/install/yhsung_description
